============================= test session starts ==============================
platform darwin -- Python 3.12.7, pytest-7.4.4, pluggy-1.0.0 -- /opt/anaconda3/bin/python
cachedir: .pytest_cache
rootdir: /Users/sugawaratakashi/Documents/20260712_CreditPortfolioOptimization/credit-portfolio-optimizer
plugins: timeout-2.4.0, dash-4.1.0, anyio-4.2.0
collecting ... collected 13 items

tests/test_rules.py::TestRoundToMenu::test_picks_nearest_option PASSED   [  7%]
tests/test_rules.py::TestRoundToMenu::test_exact_match_returns_same_value PASSED [ 15%]
tests/test_rules.py::TestRoundToMenu::test_boundary_value_zero_rounds_to_minimum_option PASSED [ 23%]
tests/test_rules.py::TestRoundToMenu::test_custom_limit_options PASSED   [ 30%]
tests/test_rules.py::TestApplyBusinessRules::test_housewife_and_student_are_capped_at_10 PASSED [ 38%]
tests/test_rules.py::TestApplyBusinessRules::test_shopping_segment_never_decreases_below_current_limit PASSED [ 46%]
tests/test_rules.py::TestApplyBusinessRules::test_non_shopping_segment_can_decrease PASSED [ 53%]
tests/test_rules.py::TestApplyBusinessRules::test_employee_shopping_can_increase_above_current PASSED [ 61%]
tests/test_rules.py::TestApplyBusinessRules::test_housewife_shopping_combined_rule_cap_wins PASSED [ 69%]
tests/test_rules.py::TestApplyBusinessRules::test_result_length_matches_input PASSED [ 76%]
tests/test_rules.py::TestClassifyAction::test_classification[30.0-50.0-up] PASSED [ 84%]
tests/test_rules.py::TestClassifyAction::test_classification[50.0-30.0-down] PASSED [ 92%]
tests/test_rules.py::TestClassifyAction::test_classification[30.0-30.0-maintain] PASSED [100%]

============================== 13 passed in 0.49s ==============================
